
[SESSION_walkingdead_07:09 PM]
[07:09 PM] [Renderer] [i] =loading retro/res/models/barrel/barrel_a1.obj
[07:09 PM] [Renderer] [i] =loading retro/res/models/ball.obj
[07:09 PM] [Clock] [i] =starting...
[07:09 PM] [Background] [i] =created retro/res/background/pixel_art_topdown_a1.png
[07:09 PM] [MeshRenderer] [i] =creatingnil
[07:09 PM] [MeshRenderer] [i] =creatingnil
[07:09 PM] [MeshRenderer] [i] =creatingnil
[07:09 PM] [MeshRenderer] [i] =creatingnil
[07:09 PM] [retro/res/pixel_art_creatures_pack/tile020.png] [i] =nil
[07:09 PM] [Renderer] [i] =loading retro/res/models/barrel/barrel_a1.obj
[07:09 PM] [Renderer] [i] =loading retro/res/models/ball.obj
[07:09 PM] [Clock] [i] =starting...
[07:09 PM] [Background] [i] =created retro/res/background/pixel_art_topdown_a1.png
[07:09 PM] [MeshRenderer] [i] =creatingnil
[07:09 PM] [MeshRenderer] [i] =creatingnil
[07:09 PM] [MeshRenderer] [i] =creatingnil
[07:09 PM] [MeshRenderer] [i] =creatingnil
[07:09 PM] [retro/res/pixel_art_creatures_pack/tile023.png] [i] =nil
[07:09 PM] [Renderer] [i] =loading retro/res/models/barrel/barrel_a1.obj
[07:09 PM] [Renderer] [i] =loading retro/res/models/ball.obj
[07:09 PM] [Clock] [i] =starting...
[07:09 PM] [Background] [i] =created retro/res/background/pixel_art_topdown_a1.png
[07:09 PM] [MeshRenderer] [i] =creatingnil
[07:09 PM] [MeshRenderer] [i] =creatingnil
[07:09 PM] [MeshRenderer] [i] =creatingnil
[07:09 PM] [MeshRenderer] [i] =creatingnil
[07:09 PM] [retro/res/pixel_art_creatures_pack/tile030.png] [i] =nil
[SESSION_walkingdead_07:10 PM]
[07:10 PM] [Renderer] [i] =loading retro/res/models/barrel/barrel_a1.obj
[07:10 PM] [Renderer] [i] =loading retro/res/models/ball.obj
[07:10 PM] [Clock] [i] =starting...
[07:10 PM] [Background] [i] =created retro/res/background/pixel_art_topdown_a1.png
[07:10 PM] [MeshRenderer] [i] =creatingnil
[07:10 PM] [MeshRenderer] [i] =creatingnil
[07:10 PM] [MeshRenderer] [i] =creatingnil
[07:10 PM] [MeshRenderer] [i] =creatingnil
[07:10 PM] [retro/res/pixel_art_creatures_pack/tile030.png] [i] =nil
[07:10 PM] [Renderer] [i] =loading retro/res/models/barrel/barrel_a1.obj
[07:10 PM] [Renderer] [i] =loading retro/res/models/ball.obj
[07:10 PM] [Clock] [i] =starting...
[07:10 PM] [Background] [i] =created retro/res/background/pixel_art_topdown_a1.png
[07:10 PM] [MeshRenderer] [i] =creatingnil
[07:10 PM] [MeshRenderer] [i] =creatingnil
[07:10 PM] [MeshRenderer] [i] =creatingnil
[07:10 PM] [MeshRenderer] [i] =creatingnil
[07:10 PM] [retro/res/pixel_art_creatures_pack/tile020.png] [i] =nil
[SESSION_walkingdead_07:11 PM]
[07:11 PM] [Renderer] [i] =loading retro/res/models/barrel/barrel_a1.obj
[07:11 PM] [Renderer] [i] =loading retro/res/models/ball.obj
[07:11 PM] [Clock] [i] =starting...
[07:11 PM] [Background] [i] =created retro/res/background/pixel_art_topdown_a1.png
[07:11 PM] [MeshRenderer] [i] =creatingnil
[07:11 PM] [MeshRenderer] [i] =creatingnil
[07:11 PM] [MeshRenderer] [i] =creatingnil
[07:11 PM] [MeshRenderer] [i] =creatingnil
[07:11 PM] [retro/res/pixel_art_creatures_pack/tile024.png] [i] =nil
[07:11 PM] [Renderer] [i] =loading retro/res/models/barrel/barrel_a1.obj
[07:11 PM] [Renderer] [i] =loading retro/res/models/ball.obj
[07:11 PM] [Clock] [i] =starting...
[07:11 PM] [Background] [i] =created retro/res/background/pixel_art_topdown_a1.png
[07:11 PM] [MeshRenderer] [i] =creatingnil
[07:11 PM] [MeshRenderer] [i] =creatingnil
[07:11 PM] [MeshRenderer] [i] =creatingnil
[07:11 PM] [MeshRenderer] [i] =creatingnil
[07:11 PM] [retro/res/pixel_art_creatures_pack/tile021.png] [i] =nil
[07:11 PM] [main] [i] =application running...
[07:11 PM] [Clock] [i] =starting...
[07:11 PM] [Background] [i] =created retro/res/background/pixel_art_topdown_a1.png
[07:11 PM] [MeshRenderer] [i] =creatingnil
[07:11 PM] [MeshRenderer] [i] =creatingnil
[07:11 PM] [MeshRenderer] [i] =creatingnil
[07:11 PM] [MeshRenderer] [i] =creatingnil
[07:11 PM] [retro/res/pixel_art_creatures_pack/tile028.png] [i] =nil
