
[SESSION_demo_07:36 AM]
[07:36 AM] [Clock] [i] =starting...
[SESSION_demo_07:39 AM]
[07:39 AM] [main] [i] =application running...
[07:39 AM] [Clock] [i] =starting...
[07:39 AM] [main] [i] =application running...
[07:39 AM] [Clock] [i] =starting...
[SESSION_demo_07:40 AM]
[07:40 AM] [main] [i] =application running...
[07:40 AM] [Clock] [i] =starting...
[07:40 AM] [main] [i] =application running...
[07:40 AM] [Clock] [i] =starting...
[07:40 AM] [Clock] [i] =starting...
[07:40 AM] [Clock] [i] =starting...
[SESSION_demo_07:41 AM]
[07:41 AM] [Clock] [i] =starting...
[07:41 AM] [main] [i] =application running...
[07:41 AM] [Clock] [i] =starting...
[07:41 AM] [main] [i] =application running...
[07:41 AM] [Clock] [i] =starting...
[07:41 AM] [main] [i] =application running...
[07:41 AM] [Clock] [i] =starting...
[07:41 AM] [Clock] [i] =starting...
[07:41 AM] [Clock] [i] =starting...
[07:41 AM] [main] [i] =application running...
[07:41 AM] [Clock] [i] =starting...
[SESSION_demo_07:42 AM]
[07:42 AM] [Clock] [i] =starting...
[07:42 AM] [Clock] [i] =starting...
[SESSION_demo_07:43 AM]
[07:43 AM] [Clock] [i] =starting...
[07:43 AM] [Clock] [i] =starting...
[SESSION_demo_07:44 AM]
[07:44 AM] [main] [i] =application running...
[07:44 AM] [Clock] [i] =starting...
[07:44 AM] [main] [i] =application running...
[07:44 AM] [Clock] [i] =starting...
[SESSION_demo_07:45 AM]
[07:45 AM] [Clock] [i] =starting...
[07:45 AM] [Clock] [i] =starting...
[07:45 AM] [main] [i] =application running...
[07:45 AM] [Clock] [i] =starting...
[SESSION_demo_07:46 AM]
[07:46 AM] [Clock] [i] =starting...
[07:46 AM] [Clock] [i] =starting...
[07:46 AM] [Clock] [i] =starting...
[SESSION_demo_07:47 AM]
[07:47 AM] [Clock] [i] =starting...
[07:47 AM] [Clock] [i] =starting...
[SESSION_demo_07:49 AM]
[07:49 AM] [Clock] [i] =starting...
[07:49 AM] [Clock] [i] =starting...
[SESSION_demo_07:51 AM]
[07:51 AM] [Clock] [i] =starting...
[07:51 AM] [Clock] [i] =starting...
[07:51 AM] [Clock] [i] =starting...
[SESSION_demo_07:52 AM]
[07:52 AM] [Clock] [i] =starting...
[07:52 AM] [Clock] [i] =starting...
[07:52 AM] [Clock] [i] =starting...
[07:52 AM] [Clock] [i] =starting...
[07:52 AM] [Clock] [i] =starting...
[07:52 AM] [Clock] [i] =starting...
[SESSION_demo_07:53 AM]
[07:53 AM] [Clock] [i] =starting...
[SESSION_demo_07:55 AM]
[07:55 AM] [Clock] [i] =starting...
[07:55 AM] [error] [i] =./retro/component.lua:39: attempt to index field 'game_object' (a nil value)
[07:55 AM] [error] [i] =./retro/component.lua:39: attempt to index field 'game_object' (a nil value)
[SESSION_demo_07:56 AM]
[07:56 AM] [error] [i] =./retro/component.lua:39: attempt to index field 'game_object' (a nil value)
[SESSION_demo_07:59 AM]
[07:59 AM] [error] [i] =./retro/component.lua:39: attempt to index field 'game_object' (a nil value)
[07:59 AM] [Clock] [i] =starting...
[07:59 AM] [error] [i] =./retro/components/basic_bot.lua:16: attempt to index global 'BasicCharacter' (a nil value)
[07:59 AM] [error] [i] =./retro/components/basic_bot.lua:16: attempt to index global 'BasicCharacter' (a nil value)
[07:59 AM] [error] [i] =./retro/components/basic_bot.lua:16: attempt to index global 'BasicCharacter' (a nil value)
[07:59 AM] [error] [i] =./retro/components/basic_bot.lua:16: attempt to index global 'BasicCharacter' (a nil value)
[07:59 AM] [error] [i] =./retro/components/basic_bot.lua:16: attempt to index global 'BasicCharacter' (a nil value)
[SESSION_demo_08:00 AM]
[08:00 AM] [Clock] [i] =starting...
[SESSION_demo_08:01 AM]
[08:01 AM] [Clock] [i] =starting...
[08:01 AM] [Clock] [i] =starting...
[SESSION_demo_08:02 AM]
[08:02 AM] [Clock] [i] =starting...
[08:02 AM] [error] [i] =./retro/components/basic_character.lua:45: attempt to index local 'self' (a nil value)
[08:02 AM] [error] [i] =./retro/components/basic_character.lua:45: attempt to index local 'self' (a nil value)
[08:02 AM] [error] [i] =./retro/components/basic_character.lua:45: attempt to index local 'self' (a nil value)
[08:02 AM] [Clock] [i] =starting...
[SESSION_demo_08:03 AM]
[08:03 AM] [error] [i] =./retro/object.lua:35: attempt to call method 'apply_params' (a nil value)
[08:03 AM] [Clock] [i] =starting...
[08:03 AM] [error] [i] =./retro/components/basic_bot.lua:18: keke
[08:03 AM] [Clock] [i] =starting...
[08:03 AM] [Clock] [i] =starting...
[SESSION_demo_08:04 AM]
[08:04 AM] [Clock] [i] =starting...
[08:04 AM] [error] [i] =./retro/object.lua:35: attempt to call method 'apply_params' (a nil value)
[08:04 AM] [Clock] [i] =starting...
[SESSION_demo_08:05 AM]
[08:05 AM] [Clock] [i] =starting...
[08:05 AM] [Clock] [i] =starting...
[SESSION_demo_08:06 AM]
[08:06 AM] [Clock] [i] =starting...
[08:06 AM] [Clock] [i] =starting...
[SESSION_demo_08:07 AM]
[08:07 AM] [Clock] [i] =starting...
[08:07 AM] [Clock] [i] =starting...
[08:07 AM] [Clock] [i] =starting...
[SESSION_demo_08:08 AM]
[08:08 AM] [Clock] [i] =starting...
[08:08 AM] [Clock] [i] =starting...
