[SESSION_walkingdead_02:48 AM]
[02:48 AM] [Clock] [i] =starting...
[02:48 AM] [Background] [i] =created apps/walkingdead/res/background/pixel_art_topdown_a1.png
[02:48 AM] [{ [1] = 1,[2] = 4,[3] = 5,[4] = 0,[5] = 7,[6] = 8,[7] = 0,[8] = 0,[9] = 0,[10] = 0,[11] = 1,[12] = 0,[13] = 0,[14] = 0,[15] = 0,[16] = 0,} ] [i] =nil
[02:48 AM] [Clock] [i] =starting...
[02:48 AM] [Background] [i] =created apps/walkingdead/res/background/pixel_art_topdown_a1.png
[02:48 AM] [{ [1] = 1,[2] = 4,[3] = 5,[4] = 0,[5] = 7,[6] = 8,[7] = 0,[8] = 0,[9] = 0,[10] = 0,[11] = 1,[12] = 0,[13] = 0,[14] = 0,[15] = 0,[16] = 0,} ] [i] =nil
[SESSION_walkingdead_02:52 AM]
[02:52 AM] [Clock] [i] =starting...
[02:52 AM] [Background] [i] =created apps/walkingdead/res/background/pixel_art_topdown_a1.png
[02:52 AM] [{ [1] = 1,[2] = 4,[3] = 5,[4] = 0,[5] = 7,[6] = 8,[7] = 0,[8] = 0,[9] = 0,[10] = 0,[11] = 1,[12] = 0,[13] = 0,[14] = 0,[15] = 0,[16] = 0,} ] [i] =nil
[SESSION_walkingdead_02:53 AM]
[02:53 AM] [Clock] [i] =starting...
[02:53 AM] [Background] [i] =created apps/walkingdead/res/background/pixel_art_topdown_a1.png
[02:53 AM] [{ [1] = 1,[2] = 4,[3] = 5,[4] = 0,[5] = 7,[6] = 8,[7] = 0,[8] = 0,[9] = 0,[10] = 0,[11] = 1,[12] = 0,[13] = 0,[14] = 0,[15] = 0,[16] = 0,} ] [i] =nil
[02:53 AM] [Clock] [i] =starting...
[02:53 AM] [Background] [i] =created apps/walkingdead/res/background/pixel_art_topdown_a1.png
[02:53 AM] [{ [1] = 1,[2] = 4,[3] = 5,[4] = 0,[5] = 7,[6] = 8,[7] = 0,[8] = 0,[9] = 0,[10] = 0,[11] = 1,[12] = 0,[13] = 0,[14] = 0,[15] = 0,[16] = 0,} ] [i] =nil
[02:53 AM] [Clock] [i] =starting...
[02:53 AM] [Background] [i] =created apps/walkingdead/res/background/pixel_art_topdown_a1.png
[02:53 AM] [{ [1] = 1,[2] = 4,[3] = 5,[4] = 0,[5] = 7,[6] = 8,[7] = 0,[8] = 0,[9] = 0,[10] = 0,[11] = 1,[12] = 0,[13] = 0,[14] = 0,[15] = 0,[16] = 0,} ] [i] =nil
[SESSION_walkingdead_02:55 AM]
[02:55 AM] [Clock] [i] =starting...
[02:55 AM] [Background] [i] =created apps/walkingdead/res/background/pixel_art_topdown_a1.png
[02:55 AM] [{ [1] = 1,[2] = 4,[3] = 5,[4] = 0,[5] = 7,[6] = 8,[7] = 0,[8] = 0,[9] = 0,[10] = 0,[11] = 1,[12] = 0,[13] = 0,[14] = 0,[15] = 0,[16] = 0,} ] [i] =nil
[SESSION_walkingdead_02:56 AM]
[02:56 AM] [Clock] [i] =starting...
[02:56 AM] [Background] [i] =created apps/walkingdead/res/background/pixel_art_topdown_a1.png
[02:56 AM] [{ [1] = 1,[2] = 4,[3] = 5,[4] = 0,[5] = 7,[6] = 8,[7] = 0,[8] = 0,[9] = 0,[10] = 0,[11] = 1,[12] = 0,[13] = 0,[14] = 0,[15] = 0,[16] = 0,} ] [i] =nil
[02:56 AM] [Clock] [i] =starting...
[02:56 AM] [Background] [i] =created apps/walkingdead/res/background/pixel_art_topdown_a1.png
[02:56 AM] [{ [1] = 1,[2] = 4,[3] = 5,[4] = 0,[5] = 7,[6] = 8,[7] = 0,[8] = 0,[9] = 0,[10] = 0,[11] = 1,[12] = 0,[13] = 0,[14] = 0,[15] = 0,[16] = 0,} ] [i] =nil
[02:56 AM] [Clock] [i] =starting...
[02:56 AM] [Background] [i] =created apps/walkingdead/res/background/pixel_art_topdown_a1.png
[02:56 AM] [{ [1] = 1,[2] = 4,[3] = 5,[4] = 0,[5] = 7,[6] = 8,[7] = 0,[8] = 0,[9] = 0,[10] = 0,[11] = 1,[12] = 0,[13] = 0,[14] = 0,[15] = 0,[16] = 0,} ] [i] =nil
[02:56 AM] [Clock] [i] =starting...
[02:56 AM] [Background] [i] =created apps/walkingdead/res/background/pixel_art_topdown_a1.png
[02:56 AM] [{ [1] = 1,[2] = 4,[3] = 5,[4] = 0,[5] = 7,[6] = 8,[7] = 0,[8] = 0,[9] = 0,[10] = 0,[11] = 1,[12] = 0,[13] = 0,[14] = 0,[15] = 0,[16] = 0,} ] [i] =nil
[02:56 AM] [Clock] [i] =starting...
[02:56 AM] [Background] [i] =created apps/walkingdead/res/background/pixel_art_topdown_a1.png
[02:56 AM] [{ [1] = 1,[2] = 4,[3] = 5,[4] = 0,[5] = 7,[6] = 8,[7] = 0,[8] = 0,[9] = 0,[10] = 0,[11] = 1,[12] = 0,[13] = 0,[14] = 0,[15] = 0,[16] = 0,} ] [i] =nil
[SESSION_walkingdead_02:57 AM]
[02:57 AM] [Clock] [i] =starting...
[02:57 AM] [Background] [i] =created apps/walkingdead/res/background/pixel_art_topdown_a1.png
[02:57 AM] [{ [1] = 1,[2] = 4,[3] = 5,[4] = 0,[5] = 7,[6] = 8,[7] = 0,[8] = 0,[9] = 0,[10] = 0,[11] = 1,[12] = 0,[13] = 0,[14] = 0,[15] = 0,[16] = 0,} ] [i] =nil
[SESSION_walkingdead_03:02 AM]
[03:02 AM] [main] [i] =application running...
[03:02 AM] [Clock] [i] =starting...
[03:02 AM] [Background] [i] =created apps/walkingdead/res/background/pixel_art_topdown_a1.png
[03:02 AM] [{ [1] = 1,[2] = 4,[3] = 5,[4] = 0,[5] = 7,[6] = 8,[7] = 0,[8] = 0,[9] = 0,[10] = 0,[11] = 1,[12] = 0,[13] = 0,[14] = 0,[15] = 0,[16] = 0,} ] [i] =nil
[03:02 AM] [main] [i] =application running...
[03:02 AM] [Clock] [i] =starting...
[03:02 AM] [Background] [i] =created apps/walkingdead/res/background/pixel_art_topdown_a1.png
[03:02 AM] [{ [1] = 1,[2] = 4,[3] = 5,[4] = 0,[5] = 7,[6] = 8,[7] = 0,[8] = 0,[9] = 0,[10] = 0,[11] = 1,[12] = 0,[13] = 0,[14] = 0,[15] = 0,[16] = 0,} ] [i] =nil
[03:02 AM] [main] [i] =application running...
[03:02 AM] [Clock] [i] =starting...
[03:02 AM] [Background] [i] =created apps/walkingdead/res/background/pixel_art_topdown_a1.png
[03:02 AM] [{ [1] = 1,[2] = 4,[3] = 5,[4] = 0,[5] = 7,[6] = 8,[7] = 0,[8] = 0,[9] = 0,[10] = 0,[11] = 1,[12] = 0,[13] = 0,[14] = 0,[15] = 0,[16] = 0,} ] [i] =nil
[SESSION_walkingdead_03:03 AM]
[03:03 AM] [Clock] [i] =starting...
[03:03 AM] [Background] [i] =created apps/walkingdead/res/background/pixel_art_topdown_a1.png
[03:03 AM] [{ [1] = 1,[2] = 4,[3] = 5,[4] = 0,[5] = 7,[6] = 8,[7] = 0,[8] = 0,[9] = 0,[10] = 0,[11] = 1,[12] = 0,[13] = 0,[14] = 0,[15] = 0,[16] = 0,} ] [i] =nil
[03:03 AM] [main] [i] =application running...
[03:03 AM] [Clock] [i] =starting...
[03:03 AM] [Background] [i] =created apps/walkingdead/res/background/pixel_art_topdown_a1.png
[03:03 AM] [{ [1] = 1,[2] = 4,[3] = 5,[4] = 0,[5] = 7,[6] = 8,[7] = 0,[8] = 0,[9] = 0,[10] = 0,[11] = 1,[12] = 0,[13] = 0,[14] = 0,[15] = 0,[16] = 0,} ] [i] =nil
[SESSION_walkingdead_03:04 AM]
[03:04 AM] [Clock] [i] =starting...
[03:04 AM] [Background] [i] =created apps/walkingdead/res/background/pixel_art_topdown_a1.png
[03:04 AM] [{ [1] = 1,[2] = 4,[3] = 5,[4] = 0,[5] = 7,[6] = 8,[7] = 0,[8] = 0,[9] = 0,[10] = 0,[11] = 1,[12] = 0,[13] = 0,[14] = 0,[15] = 0,[16] = 0,} ] [i] =nil
[SESSION_walkingdead_03:06 AM]
[03:06 AM] [error] [i] =umd0:/script.lua:15: attempt to index field 'mat4' (a nil value)
[SESSION_walkingdead_03:07 AM]
[03:07 AM] [error] [i] =umd0:/script.lua:15: attempt to index field 'mat4' (a nil value)
[SESSION_walkingdead_03:08 AM]
[03:08 AM] [Clock] [i] =starting...
[03:08 AM] [Background] [i] =created apps/walkingdead/res/background/pixel_art_topdown_a1.png
